<?xml version="1.0" encoding="UTF-8"?>
<!-- Generated by org.testng.reporters.JUnitReportReporter -->
<testsuite skipped="0" hostname="DHARMPAL-PC" name="com.crm.qa.testcases.HomePageTest" tests="1" failures="0" timestamp="17 Jun 2018 05:59:42 GMT" time="26.482" errors="0">
  <testcase name="verifyHomePageTitleTest" time="26.482" classname="com.crm.qa.testcases.HomePageTest"/>
</testsuite> <!-- com.crm.qa.testcases.HomePageTest -->
