<?xml version="1.0" encoding="UTF-8"?>
<!-- Generated by org.testng.reporters.JUnitReportReporter -->
<testsuite skipped="0" hostname="DHARMPAL-PC" name="com.crm.qa.testcases.LoginPageTest" tests="2" failures="0" timestamp="17 Jun 2018 05:59:42 GMT" time="24.687" errors="0">
  <testcase name="loginPageTitleTest" time="13.112" classname="com.crm.qa.testcases.LoginPageTest"/>
  <testcase name="crmLogoImageTest" time="11.575" classname="com.crm.qa.testcases.LoginPageTest"/>
</testsuite> <!-- com.crm.qa.testcases.LoginPageTest -->
