<?xml version="1.0" encoding="UTF-8"?>
<!-- Generated by org.testng.reporters.JUnitReportReporter -->
<testsuite skipped="0" hostname="DHARMPAL-PC" name="com.crm.qa.testcases.ContactsPageTest" tests="1" failures="0" timestamp="17 Jun 2018 05:59:42 GMT" time="29.218" errors="0">
  <testcase name="verifyContactsPageLabel" time="29.218" classname="com.crm.qa.testcases.ContactsPageTest"/>
</testsuite> <!-- com.crm.qa.testcases.ContactsPageTest -->
